DEB [20170525-09:45:16.963] thr=1   paramiko.transport: starting thread (client mode): 0xe6c65290L
DEB [20170525-09:45:16.965] thr=1   paramiko.transport: Local version/idstring: SSH-2.0-paramiko_2.1.2
DEB [20170525-09:45:16.967] thr=2   paramiko.transport: starting thread (client mode): 0xe6c65d50L
DEB [20170525-09:45:16.969] thr=2   paramiko.transport: Local version/idstring: SSH-2.0-paramiko_2.1.2
DEB [20170525-09:45:16.969] thr=1   paramiko.transport: Remote version/idstring: SSH-2.0-OpenSSH_6.6.1p1 Ubuntu-2ubuntu2.8
INF [20170525-09:45:16.972] thr=1   paramiko.transport: Connected (version 2.0, client OpenSSH_6.6.1p1)
DEB [20170525-09:45:16.971] thr=2   paramiko.transport: Remote version/idstring: SSH-2.0-OpenSSH_6.6.1p1 Ubuntu-2ubuntu2.8
INF [20170525-09:45:16.973] thr=2   paramiko.transport: Connected (version 2.0, client OpenSSH_6.6.1p1)
DEB [20170525-09:45:16.974] thr=1   paramiko.transport: kex algos:[u'curve25519-sha256@libssh.org', u'ecdh-sha2-nistp256', u'ecdh-sha2-nistp384', u'ecdh-sha2-nistp521', u'diffie-hellman-group-exchange-sha256', u'diffie-hellman-group-exchange-sha1', u'diffie-hellman-group14-sha1', u'diffie-hellman-group1-sha1'] server key:[u'ssh-rsa', u'ssh-dss', u'ecdsa-sha2-nistp256', u'ssh-ed25519'] client encrypt:[u'aes128-ctr', u'aes192-ctr', u'aes256-ctr', u'arcfour256', u'arcfour128', u'aes128-gcm@openssh.com', u'aes256-gcm@openssh.com', u'chacha20-poly1305@openssh.com', u'aes128-cbc', u'3des-cbc', u'blowfish-cbc', u'cast128-cbc', u'aes192-cbc', u'aes256-cbc', u'arcfour', u'rijndael-cbc@lysator.liu.se'] server encrypt:[u'aes128-ctr', u'aes192-ctr', u'aes256-ctr', u'arcfour256', u'arcfour128', u'aes128-gcm@openssh.com', u'aes256-gcm@openssh.com', u'chacha20-poly1305@openssh.com', u'aes128-cbc', u'3des-cbc', u'blowfish-cbc', u'cast128-cbc', u'aes192-cbc', u'aes256-cbc', u'arcfour', u'rijndael-cbc@lysator.liu.se'] client mac:[u'hmac-md5-etm@openssh.com', u'hmac-sha1-etm@openssh.com', u'umac-64-etm@openssh.com', u'umac-128-etm@openssh.com', u'hmac-sha2-256-etm@openssh.com', u'hmac-sha2-512-etm@openssh.com', u'hmac-ripemd160-etm@openssh.com', u'hmac-sha1-96-etm@openssh.com', u'hmac-md5-96-etm@openssh.com', u'hmac-md5', u'hmac-sha1', u'umac-64@openssh.com', u'umac-128@openssh.com', u'hmac-sha2-256', u'hmac-sha2-512', u'hmac-ripemd160', u'hmac-ripemd160@openssh.com', u'hmac-sha1-96', u'hmac-md5-96'] server mac:[u'hmac-md5-etm@openssh.com', u'hmac-sha1-etm@openssh.com', u'umac-64-etm@openssh.com', u'umac-128-etm@openssh.com', u'hmac-sha2-256-etm@openssh.com', u'hmac-sha2-512-etm@openssh.com', u'hmac-ripemd160-etm@openssh.com', u'hmac-sha1-96-etm@openssh.com', u'hmac-md5-96-etm@openssh.com', u'hmac-md5', u'hmac-sha1', u'umac-64@openssh.com', u'umac-128@openssh.com', u'hmac-sha2-256', u'hmac-sha2-512', u'hmac-ripemd160', u'hmac-ripemd160@openssh.com', u'hmac-sha1-96', u'hmac-md5-96'] client compress:[u'none', u'zlib@openssh.com'] server compress:[u'none', u'zlib@openssh.com'] client lang:[u''] server lang:[u''] kex follows?False
DEB [20170525-09:45:16.974] thr=1   paramiko.transport: Kex agreed: diffie-hellman-group1-sha1
DEB [20170525-09:45:16.974] thr=1   paramiko.transport: Cipher agreed: aes128-ctr
DEB [20170525-09:45:16.975] thr=1   paramiko.transport: MAC agreed: hmac-sha2-256
DEB [20170525-09:45:16.975] thr=1   paramiko.transport: Compression agreed: none
DEB [20170525-09:45:16.975] thr=2   paramiko.transport: kex algos:[u'curve25519-sha256@libssh.org', u'ecdh-sha2-nistp256', u'ecdh-sha2-nistp384', u'ecdh-sha2-nistp521', u'diffie-hellman-group-exchange-sha256', u'diffie-hellman-group-exchange-sha1', u'diffie-hellman-group14-sha1', u'diffie-hellman-group1-sha1'] server key:[u'ssh-rsa', u'ssh-dss', u'ecdsa-sha2-nistp256', u'ssh-ed25519'] client encrypt:[u'aes128-ctr', u'aes192-ctr', u'aes256-ctr', u'arcfour256', u'arcfour128', u'aes128-gcm@openssh.com', u'aes256-gcm@openssh.com', u'chacha20-poly1305@openssh.com', u'aes128-cbc', u'3des-cbc', u'blowfish-cbc', u'cast128-cbc', u'aes192-cbc', u'aes256-cbc', u'arcfour', u'rijndael-cbc@lysator.liu.se'] server encrypt:[u'aes128-ctr', u'aes192-ctr', u'aes256-ctr', u'arcfour256', u'arcfour128', u'aes128-gcm@openssh.com', u'aes256-gcm@openssh.com', u'chacha20-poly1305@openssh.com', u'aes128-cbc', u'3des-cbc', u'blowfish-cbc', u'cast128-cbc', u'aes192-cbc', u'aes256-cbc', u'arcfour', u'rijndael-cbc@lysator.liu.se'] client mac:[u'hmac-md5-etm@openssh.com', u'hmac-sha1-etm@openssh.com', u'umac-64-etm@openssh.com', u'umac-128-etm@openssh.com', u'hmac-sha2-256-etm@openssh.com', u'hmac-sha2-512-etm@openssh.com', u'hmac-ripemd160-etm@openssh.com', u'hmac-sha1-96-etm@openssh.com', u'hmac-md5-96-etm@openssh.com', u'hmac-md5', u'hmac-sha1', u'umac-64@openssh.com', u'umac-128@openssh.com', u'hmac-sha2-256', u'hmac-sha2-512', u'hmac-ripemd160', u'hmac-ripemd160@openssh.com', u'hmac-sha1-96', u'hmac-md5-96'] server mac:[u'hmac-md5-etm@openssh.com', u'hmac-sha1-etm@openssh.com', u'umac-64-etm@openssh.com', u'umac-128-etm@openssh.com', u'hmac-sha2-256-etm@openssh.com', u'hmac-sha2-512-etm@openssh.com', u'hmac-ripemd160-etm@openssh.com', u'hmac-sha1-96-etm@openssh.com', u'hmac-md5-96-etm@openssh.com', u'hmac-md5', u'hmac-sha1', u'umac-64@openssh.com', u'umac-128@openssh.com', u'hmac-sha2-256', u'hmac-sha2-512', u'hmac-ripemd160', u'hmac-ripemd160@openssh.com', u'hmac-sha1-96', u'hmac-md5-96'] client compress:[u'none', u'zlib@openssh.com'] server compress:[u'none', u'zlib@openssh.com'] client lang:[u''] server lang:[u''] kex follows?False
DEB [20170525-09:45:16.981] thr=2   paramiko.transport: Kex agreed: diffie-hellman-group1-sha1
DEB [20170525-09:45:16.981] thr=2   paramiko.transport: Cipher agreed: aes128-ctr
DEB [20170525-09:45:16.981] thr=2   paramiko.transport: MAC agreed: hmac-sha2-256
DEB [20170525-09:45:16.981] thr=2   paramiko.transport: Compression agreed: none
DEB [20170525-09:45:17.371] thr=2   paramiko.transport: kex engine KexGroup1 specified hash_algo <built-in function openssl_sha1>
DEB [20170525-09:45:17.371] thr=1   paramiko.transport: kex engine KexGroup1 specified hash_algo <built-in function openssl_sha1>
DEB [20170525-09:45:17.372] thr=2   paramiko.transport: Switch to new keys ...
DEB [20170525-09:45:17.373] thr=1   paramiko.transport: Switch to new keys ...
DEB [20170525-09:45:17.374] thr=3   paramiko.transport: Adding ssh-rsa host key for 127.0.0.1: d7d13ae3cbbe08467ff4e6d5c0aebb88
DEB [20170525-09:45:17.375] thr=4   paramiko.transport: Adding ssh-rsa host key for 127.0.0.1: d7d13ae3cbbe08467ff4e6d5c0aebb88
DEB [20170525-09:45:17.407] thr=2   paramiko.transport: userauth is OK
ERR [20170525-09:45:17.408] thr=2   paramiko.transport: Unknown exception: Unknown type
DEB [20170525-09:45:17.408] thr=1   paramiko.transport: userauth is OK
ERR [20170525-09:45:17.408] thr=1   paramiko.transport: Unknown exception: Unknown type
ERR [20170525-09:45:17.410] thr=2   paramiko.transport: Traceback (most recent call last):
ERR [20170525-09:45:17.410] thr=2   paramiko.transport:   File "/home/aman/anaconda2/lib/python2.7/site-packages/paramiko/transport.py", line 1800, in run
ERR [20170525-09:45:17.410] thr=1   paramiko.transport: Traceback (most recent call last):
ERR [20170525-09:45:17.410] thr=2   paramiko.transport:     self.auth_handler._handler_table[ptype](self.auth_handler, m)
ERR [20170525-09:45:17.410] thr=1   paramiko.transport:   File "/home/aman/anaconda2/lib/python2.7/site-packages/paramiko/transport.py", line 1800, in run
ERR [20170525-09:45:17.410] thr=2   paramiko.transport:   File "/home/aman/anaconda2/lib/python2.7/site-packages/paramiko/auth_handler.py", line 229, in _parse_service_accept
ERR [20170525-09:45:17.410] thr=1   paramiko.transport:     self.auth_handler._handler_table[ptype](self.auth_handler, m)
ERR [20170525-09:45:17.410] thr=2   paramiko.transport:     m.add_string(self.username)
ERR [20170525-09:45:17.410] thr=1   paramiko.transport:   File "/home/aman/anaconda2/lib/python2.7/site-packages/paramiko/auth_handler.py", line 229, in _parse_service_accept
ERR [20170525-09:45:17.410] thr=2   paramiko.transport:   File "/home/aman/anaconda2/lib/python2.7/site-packages/paramiko/message.py", line 273, in add_string
ERR [20170525-09:45:17.410] thr=1   paramiko.transport:     m.add_string(self.username)
ERR [20170525-09:45:17.411] thr=2   paramiko.transport:     s = asbytes(s)
ERR [20170525-09:45:17.411] thr=1   paramiko.transport:   File "/home/aman/anaconda2/lib/python2.7/site-packages/paramiko/message.py", line 273, in add_string
ERR [20170525-09:45:17.411] thr=2   paramiko.transport:   File "/home/aman/anaconda2/lib/python2.7/site-packages/paramiko/common.py", line 170, in asbytes
ERR [20170525-09:45:17.411] thr=1   paramiko.transport:     s = asbytes(s)
ERR [20170525-09:45:17.411] thr=2   paramiko.transport:     raise Exception('Unknown type')
ERR [20170525-09:45:17.411] thr=1   paramiko.transport:   File "/home/aman/anaconda2/lib/python2.7/site-packages/paramiko/common.py", line 170, in asbytes
ERR [20170525-09:45:17.411] thr=2   paramiko.transport: Exception: Unknown type
ERR [20170525-09:45:17.411] thr=1   paramiko.transport:     raise Exception('Unknown type')
ERR [20170525-09:45:17.411] thr=2   paramiko.transport: 
ERR [20170525-09:45:17.411] thr=1   paramiko.transport: Exception: Unknown type
ERR [20170525-09:45:17.411] thr=1   paramiko.transport: 
